<?xml version="1.0" encoding="UTF-8"?>
<!-- Generated by org.testng.reporters.JUnitReportReporter -->
<testsuite skipped="0" hostname="DESKTOP-6MMSN4K" name="testcases.Tc02_SignIn" tests="1" failures="0" timestamp="21 Nov 2021 23:47:38 GMT" time="7.894" errors="0">
  <testcase name="verifyHomepage" time="7.894" classname="testcases.Tc02_SignIn"/>
</testsuite> <!-- testcases.Tc02_SignIn -->
