<?xml version="1.0" encoding="UTF-8"?>
<!-- Generated by org.testng.reporters.JUnitReportReporter -->
<testsuite skipped="0" hostname="DESKTOP-6MMSN4K" name="testcases.Tc01_navigatetoHomepage" tests="1" failures="0" timestamp="21 Nov 2021 23:38:16 GMT" time="7.135" errors="0">
  <testcase name="verifyHomepage" time="7.135" classname="testcases.Tc01_navigatetoHomepage"/>
</testsuite> <!-- testcases.Tc01_navigatetoHomepage -->
